android/build/intermediates/manifest_merge_blame_file/debug/manifest-merger-blame-debug-report.txt
1<?xml version="1.0" encoding="utf-8"?>
2<manifest xmlns:android="http://schemas.android.com/apk/res/android"
3    package="com.whatsapp.receive_whatsapp_chat" >
4
5    <uses-sdk
6        android:minSdkVersion="19"
6-->src\main\AndroidManifest.xml
7        android:targetSdkVersion="19" />
7-->src\main\AndroidManifest.xml
8
9    <application>
9-->src\main\AndroidManifest.xml:3:5-12:19
10        <activity
10-->src\main\AndroidManifest.xml:4:9-11:20
11            android:name="com.whatsapp.receive_whatsapp_chat.ShareReceiverActivityWorker"
11-->src\main\AndroidManifest.xml:4:19-96
12            android:exported="true" >
12-->src\main\AndroidManifest.xml:5:19-42
13            <intent-filter>
13-->src\main\AndroidManifest.xml:6:13-10:29
14                <action android:name="android.intent.action.SEND_MULTIPLE" />
14-->src\main\AndroidManifest.xml:7:17-77
14-->src\main\AndroidManifest.xml:7:25-75
15
16                <category android:name="android.intent.category.DEFAULT" />
16-->src\main\AndroidManifest.xml:8:17-75
16-->src\main\AndroidManifest.xml:8:27-73
17
18                <data android:mimeType="*/*" />
18-->src\main\AndroidManifest.xml:9:17-47
18-->src\main\AndroidManifest.xml:9:23-45
19            </intent-filter>
20        </activity>
21    </application>
22
23</manifest>